<?xml version="1.0" encoding="UTF-8"?>
<testsuite xmlns:xsi="http://www.w3.org/2001/XMLSchema-instance" xsi:schemaLocation="https://maven.apache.org/surefire/maven-surefire-plugin/xsd/surefire-test-report.xsd" name="com.tmobile.cso.vault.api.utils.PolicyUtilsTest" time="1.638" tests="4" errors="0" skipped="0" failures="0">
  <properties>
[...]
</properties>
  <testcase name="test_getCurrentPolicies_failure" classname="com.tmobile.cso.vault.api.utils.PolicyUtilsTest" time="0.999"/>
  <testcase name="test_getPoliciesTobeCheked" classname="com.tmobile.cso.vault.api.utils.PolicyUtilsTest" time="0.001"/>
  <testcase name="test_getCurrentPolicies_successfully" classname="com.tmobile.cso.vault.api.utils.PolicyUtilsTest" time="0.002"/>
  <testcase name="test_getCurrentPolicies_successfully_ldap" classname="com.tmobile.cso.vault.api.utils.PolicyUtilsTest" time="0.003"/>
</testsuite>