<?xml version="1.0" encoding="UTF-8"?>
<testsuite xmlns:xsi="http://www.w3.org/2001/XMLSchema-instance" xsi:schemaLocation="https://maven.apache.org/surefire/maven-surefire-plugin/xsd/surefire-test-report.xsd" name="com.tmobile.cso.vault.api.service.ServiceAccountsServiceTest" time="11.653" tests="101" errors="0" skipped="0" failures="0">
  <properties>
[...]
</properties>
  <testcase name="test_AssociateAppRole_succssfully" classname="com.tmobile.cso.vault.api.service.ServiceAccountsServiceTest" time="1.831"/>
  <testcase name="test_transferSvcAccountOwner_transferSvcAccountOwner_failed_nonadmin" classname="com.tmobile.cso.vault.api.service.ServiceAccountsServiceTest" time="0.004"/>
  <testcase name="test_onboardServiceAccount_succss_autorotate_on_ttl_biggerthan_maxallowed" classname="com.tmobile.cso.vault.api.service.ServiceAccountsServiceTest" time="0.046"/>
  <testcase name="test_transferSvcAccountOwner_transferSvcAccountOwner_failed_get_svc_details" classname="com.tmobile.cso.vault.api.service.ServiceAccountsServiceTest" time="0.107"/>
  <testcase name="test_onboardServiceAccount_BadRequest_for_CreateServiceAccountPolicies" classname="com.tmobile.cso.vault.api.service.ServiceAccountsServiceTest" time="0.29"/>
  <testcase name="test_onboardServiceAccount_succss_autorotate_on_ttl_biggerthan_maxttl" classname="com.tmobile.cso.vault.api.service.ServiceAccountsServiceTest" time="0.012"/>
  <testcase name="test_addAwsRoleToSvcacc_failure" classname="com.tmobile.cso.vault.api.service.ServiceAccountsServiceTest" time="0.009"/>
  <testcase name="test_AssociateAppRole_failure" classname="com.tmobile.cso.vault.api.service.ServiceAccountsServiceTest" time="0.009"/>
  <testcase name="test_readSvcAccPassword_success" classname="com.tmobile.cso.vault.api.service.ServiceAccountsServiceTest" time="0.011"/>
  <testcase name="test_readSvcAccPassword_403" classname="com.tmobile.cso.vault.api.service.ServiceAccountsServiceTest" time="0.007"/>
  <testcase name="test_readSvcAccPassword_400" classname="com.tmobile.cso.vault.api.service.ServiceAccountsServiceTest" time="0.005"/>
  <testcase name="test_createIAMRole_success" classname="com.tmobile.cso.vault.api.service.ServiceAccountsServiceTest" time="0.004"/>
  <testcase name="test_createRole_success" classname="com.tmobile.cso.vault.api.service.ServiceAccountsServiceTest" time="0.004"/>
  <testcase name="test_resetSvcAccPassword_success" classname="com.tmobile.cso.vault.api.service.ServiceAccountsServiceTest" time="1.018"/>
  <testcase name="test_onboardServiceAccount_failure_already_onboarded" classname="com.tmobile.cso.vault.api.service.ServiceAccountsServiceTest" time="0.006"/>
  <testcase name="test_removeUserFromServiceAccount_userpass_success" classname="com.tmobile.cso.vault.api.service.ServiceAccountsServiceTest" time="0.005"/>
  <testcase name="test_readSvcAccPassword_failed_activation_pending" classname="com.tmobile.cso.vault.api.service.ServiceAccountsServiceTest" time="0.004"/>
  <testcase name="test_getADServiceAccounts_excluded_success_NoResults" classname="com.tmobile.cso.vault.api.service.ServiceAccountsServiceTest" time="0.006"/>
  <testcase name="test_resetSvcAccPassword_success_metaupdate_failure" classname="com.tmobile.cso.vault.api.service.ServiceAccountsServiceTest" time="1.011"/>
  <testcase name="test_onboardServiceAccount_failed_owner_association" classname="com.tmobile.cso.vault.api.service.ServiceAccountsServiceTest" time="0.015"/>
  <testcase name="test_getADServiceAccounts_excluded_success_NotFound_Onboarded" classname="com.tmobile.cso.vault.api.service.ServiceAccountsServiceTest" time="0.014"/>
  <testcase name="test_onboardServiceAccount_failure_to_read_ad_details" classname="com.tmobile.cso.vault.api.service.ServiceAccountsServiceTest" time="0.005"/>
  <testcase name="test_addUserToServiceAccount_failure_notauthorized" classname="com.tmobile.cso.vault.api.service.ServiceAccountsServiceTest" time="0.005"/>
  <testcase name="test_addUserToServiceAccount_ldap_metadata_failure" classname="com.tmobile.cso.vault.api.service.ServiceAccountsServiceTest" time="0.008"/>
  <testcase name="test_getOnboardedServiceAccounts_nonadmin_notfound" classname="com.tmobile.cso.vault.api.service.ServiceAccountsServiceTest" time="0.005"/>
  <testcase name="test_addGroupToServiceAccount_failure_initialreset" classname="com.tmobile.cso.vault.api.service.ServiceAccountsServiceTest" time="0.006"/>
  <testcase name="test_removeGroupFromServiceAccount_failure_initialreset" classname="com.tmobile.cso.vault.api.service.ServiceAccountsServiceTest" time="0.006"/>
  <testcase name="test_removeGroupFromServiceAccount_metadata_failure" classname="com.tmobile.cso.vault.api.service.ServiceAccountsServiceTest" time="0.007"/>
  <testcase name="test_getADServiceAccounts_all_successfully_NoAccounts" classname="com.tmobile.cso.vault.api.service.ServiceAccountsServiceTest" time="0.005"/>
  <testcase name="test_onboardServiceAccount_BadRequest_for_AccountRole" classname="com.tmobile.cso.vault.api.service.ServiceAccountsServiceTest" time="0.009"/>
  <testcase name="test_offboardServiceAccount_failed_to_deletePolicies" classname="com.tmobile.cso.vault.api.service.ServiceAccountsServiceTest" time="0.014"/>
  <testcase name="test_addUserToServiceAccount_failure_initialreset" classname="com.tmobile.cso.vault.api.service.ServiceAccountsServiceTest" time="0.005"/>
  <testcase name="test_removeUserFromServiceAccount_failure_initialreset" classname="com.tmobile.cso.vault.api.service.ServiceAccountsServiceTest" time="0.006"/>
  <testcase name="test_removeUserFromServiceAccount_failure_notauthorized" classname="com.tmobile.cso.vault.api.service.ServiceAccountsServiceTest" time="0.004"/>
  <testcase name="test_resetSvcAccPassword_service_account_not_onboarded" classname="com.tmobile.cso.vault.api.service.ServiceAccountsServiceTest" time="0.007"/>
  <testcase name="test_updateOnboardedServiceAccount_failure_ttl_greaterthan_max" classname="com.tmobile.cso.vault.api.service.ServiceAccountsServiceTest" time="0.008"/>
  <testcase name="test_removeApproleFromSvcAcc_metadata_failure_revoke_failure" classname="com.tmobile.cso.vault.api.service.ServiceAccountsServiceTest" time="0.007"/>
  <testcase name="test_updateOnboardedServiceAccount_failure_invalid_ttl" classname="com.tmobile.cso.vault.api.service.ServiceAccountsServiceTest" time="0.005"/>
  <testcase name="test_removeAWSRoleFromSvcacc_failure_initialreset" classname="com.tmobile.cso.vault.api.service.ServiceAccountsServiceTest" time="0.004"/>
  <testcase name="test_AssociateAppRole_metadata_failure_revoke_failure" classname="com.tmobile.cso.vault.api.service.ServiceAccountsServiceTest" time="0.007"/>
  <testcase name="test_updateOnboardedServiceAccount_failure_not_onboarded" classname="com.tmobile.cso.vault.api.service.ServiceAccountsServiceTest" time="0.005"/>
  <testcase name="test_updateOnboardedServiceAccount_failure_invalid_ttl_or_maxttl" classname="com.tmobile.cso.vault.api.service.ServiceAccountsServiceTest" time="0.005"/>
  <testcase name="test_removeApproleFromSvcAcc_failure_initialreset" classname="com.tmobile.cso.vault.api.service.ServiceAccountsServiceTest" time="0.004"/>
  <testcase name="test_updateOnboardedServiceAccount_failure_to_read_ad_details" classname="com.tmobile.cso.vault.api.service.ServiceAccountsServiceTest" time="0.005"/>
  <testcase name="test_updateOnboardedServiceAccount_createrole_failure" classname="com.tmobile.cso.vault.api.service.ServiceAccountsServiceTest" time="0.007"/>
  <testcase name="test_transferSvcAccountOwner_transferSvcAccountOwner_success" classname="com.tmobile.cso.vault.api.service.ServiceAccountsServiceTest" time="0.02"/>
  <testcase name="test_addAwsRoleToSvcacc_succssfully_ec2" classname="com.tmobile.cso.vault.api.service.ServiceAccountsServiceTest" time="0.007"/>
  <testcase name="test_addUserToServiceAccount_userpass_success" classname="com.tmobile.cso.vault.api.service.ServiceAccountsServiceTest" time="0.006"/>
  <testcase name="test_canAddOrRemoveUser_admin_canadd" classname="com.tmobile.cso.vault.api.service.ServiceAccountsServiceTest" time="0.002"/>
  <testcase name="test_addGroupToServiceAccount_failure_403" classname="com.tmobile.cso.vault.api.service.ServiceAccountsServiceTest" time="0.004"/>
  <testcase name="test_removeApproleFromSvcAcc_failure_400" classname="com.tmobile.cso.vault.api.service.ServiceAccountsServiceTest" time="0.005"/>
  <testcase name="test_onboardServiceAccount_failure_invalid_ttl" classname="com.tmobile.cso.vault.api.service.ServiceAccountsServiceTest" time="0.003"/>
  <testcase name="test_removeAWSRoleFromSvcacc_succssfully_iam" classname="com.tmobile.cso.vault.api.service.ServiceAccountsServiceTest" time="0.005"/>
  <testcase name="test_getServiceAccountMeta_success" classname="com.tmobile.cso.vault.api.service.ServiceAccountsServiceTest" time="0.004"/>
  <testcase name="test_offboardServiceAccount_success" classname="com.tmobile.cso.vault.api.service.ServiceAccountsServiceTest" time="0.012"/>
  <testcase name="test_removeAWSRoleFromSvcacc_succssfully_ec2" classname="com.tmobile.cso.vault.api.service.ServiceAccountsServiceTest" time="0.005"/>
  <testcase name="test_removeAWSRoleFromSvcacc_metadata_failure" classname="com.tmobile.cso.vault.api.service.ServiceAccountsServiceTest" time="0.006"/>
  <testcase name="test_updateOnboardedServiceAccount_success" classname="com.tmobile.cso.vault.api.service.ServiceAccountsServiceTest" time="0.006"/>
  <testcase name="test_getADServiceAccounts_excluded_success" classname="com.tmobile.cso.vault.api.service.ServiceAccountsServiceTest" time="0.004"/>
  <testcase name="test_addAwsRoleToSvcacc_ec2_metadata_failure" classname="com.tmobile.cso.vault.api.service.ServiceAccountsServiceTest" time="0.005"/>
  <testcase name="test_removeApproleFromSvcAcc_failure_403" classname="com.tmobile.cso.vault.api.service.ServiceAccountsServiceTest" time="0.003"/>
  <testcase name="test_getOnboarderdServiceAccount_notfound" classname="com.tmobile.cso.vault.api.service.ServiceAccountsServiceTest" time="0.004"/>
  <testcase name="test_canAddOrRemoveUser_nonadmin_canadd" classname="com.tmobile.cso.vault.api.service.ServiceAccountsServiceTest" time="0.003"/>
  <testcase name="test_AssociateAppRole_failure_initialreset" classname="com.tmobile.cso.vault.api.service.ServiceAccountsServiceTest" time="0.003"/>
  <testcase name="test_addAwsRoleToSvcacc_failure_403" classname="com.tmobile.cso.vault.api.service.ServiceAccountsServiceTest" time="0.003"/>
  <testcase name="test_getADServiceAccounts_all_success" classname="com.tmobile.cso.vault.api.service.ServiceAccountsServiceTest" time="0.003"/>
  <testcase name="test_onboardServiceAccount_success" classname="com.tmobile.cso.vault.api.service.ServiceAccountsServiceTest" time="0.01"/>
  <testcase name="test_onboardServiceAccount_succss_autorotate_off" classname="com.tmobile.cso.vault.api.service.ServiceAccountsServiceTest" time="0.009"/>
  <testcase name="test_onboardServiceAccount_metadata_failure" classname="com.tmobile.cso.vault.api.service.ServiceAccountsServiceTest" time="0.006"/>
  <testcase name="test_removeUserFromServiceAccount_failure_400" classname="com.tmobile.cso.vault.api.service.ServiceAccountsServiceTest" time="0.004"/>
  <testcase name="test_resetSvcAccPassword_reset_role_failure" classname="com.tmobile.cso.vault.api.service.ServiceAccountsServiceTest" time="1.012"/>
  <testcase name="test_offboardServiceAccount_failure_metadata" classname="com.tmobile.cso.vault.api.service.ServiceAccountsServiceTest" time="0.009"/>
  <testcase name="test_addGroupToServiceAccount_successfully" classname="com.tmobile.cso.vault.api.service.ServiceAccountsServiceTest" time="0.004"/>
  <testcase name="test_removeGroupFromServiceAccount_successfully" classname="com.tmobile.cso.vault.api.service.ServiceAccountsServiceTest" time="0.003"/>
  <testcase name="test_AssociateAppRole_failure_400" classname="com.tmobile.cso.vault.api.service.ServiceAccountsServiceTest" time="0.003"/>
  <testcase name="test_removeUserFromServiceAccount_ldap_success" classname="com.tmobile.cso.vault.api.service.ServiceAccountsServiceTest" time="0.004"/>
  <testcase name="test_resetSvcAccPassword_bad_request" classname="com.tmobile.cso.vault.api.service.ServiceAccountsServiceTest" time="1.008"/>
  <testcase name="test_addGroupToServiceAccount_metadata_failure" classname="com.tmobile.cso.vault.api.service.ServiceAccountsServiceTest" time="0.007"/>
  <testcase name="test_removeGroupFromServiceAccount_failure" classname="com.tmobile.cso.vault.api.service.ServiceAccountsServiceTest" time="0.005"/>
  <testcase name="test_removeApproleFromSvcAcc_succssfully" classname="com.tmobile.cso.vault.api.service.ServiceAccountsServiceTest" time="0.007"/>
  <testcase name="test_removeApproleFromSvcAcc_failure_422" classname="com.tmobile.cso.vault.api.service.ServiceAccountsServiceTest" time="0.005"/>
  <testcase name="test_addAwsRoleToSvcacc_failure_initialreset" classname="com.tmobile.cso.vault.api.service.ServiceAccountsServiceTest" time="0"/>
  <testcase name="test_addGroupToServiceAccount_failure" classname="com.tmobile.cso.vault.api.service.ServiceAccountsServiceTest" time="0.006"/>
  <testcase name="test_AssociateAppRole_failure_400_masterApprole" classname="com.tmobile.cso.vault.api.service.ServiceAccountsServiceTest" time="0.005"/>
  <testcase name="test_removeAWSRoleFromSvcacc_failure_403" classname="com.tmobile.cso.vault.api.service.ServiceAccountsServiceTest" time="0.006"/>
  <testcase name="test_resetSvcAccPassword_createrole_failure" classname="com.tmobile.cso.vault.api.service.ServiceAccountsServiceTest" time="0.013"/>
  <testcase name="test_resetSvcAccPassword_reset_failure" classname="com.tmobile.cso.vault.api.service.ServiceAccountsServiceTest" time="1.016"/>
  <testcase name="test_removeApproleFromSvcAcc_metadata_failure" classname="com.tmobile.cso.vault.api.service.ServiceAccountsServiceTest" time="0.009"/>
  <testcase name="test_removeAWSRoleFromSvcacc_failure" classname="com.tmobile.cso.vault.api.service.ServiceAccountsServiceTest" time="0.013"/>
  <testcase name="test_addAwsRoleToSvcacc_iam_metadata_failure" classname="com.tmobile.cso.vault.api.service.ServiceAccountsServiceTest" time="0.009"/>
  <testcase name="test_getOnboarderdServiceAccount_success" classname="com.tmobile.cso.vault.api.service.ServiceAccountsServiceTest" time="0.024"/>
  <testcase name="test_offboardServiceAccount_failure" classname="com.tmobile.cso.vault.api.service.ServiceAccountsServiceTest" time="0.055"/>
  <testcase name="test_removeGroupFromServiceAccount_failure_403" classname="com.tmobile.cso.vault.api.service.ServiceAccountsServiceTest" time="0.006"/>
  <testcase name="test_AssociateAppRole_failure_403" classname="com.tmobile.cso.vault.api.service.ServiceAccountsServiceTest" time="0.004"/>
  <testcase name="test_AssociateAppRole_metadata_failure" classname="com.tmobile.cso.vault.api.service.ServiceAccountsServiceTest" time="0.01"/>
  <testcase name="test_addAwsRoleToSvcacc_succssfully_iam" classname="com.tmobile.cso.vault.api.service.ServiceAccountsServiceTest" time="0.006"/>
  <testcase name="test_resetSvcAccPassword_success_initial_reset" classname="com.tmobile.cso.vault.api.service.ServiceAccountsServiceTest" time="1.018"/>
  <testcase name="test_resetSvcAccPassword_read_failure" classname="com.tmobile.cso.vault.api.service.ServiceAccountsServiceTest" time="1.024"/>
  <testcase name="test_addUserToServiceAccount_ldap_success" classname="com.tmobile.cso.vault.api.service.ServiceAccountsServiceTest" time="0.012"/>
  <testcase name="test_getOnboardedServiceAccounts_admin_success" classname="com.tmobile.cso.vault.api.service.ServiceAccountsServiceTest" time="0.042"/>
  <testcase name="test_getOnboardedServiceAccounts_admin_notfound" classname="com.tmobile.cso.vault.api.service.ServiceAccountsServiceTest" time="0.005"/>
</testsuite>